2023-10-05 12:48:51,606 __main__ (lichess-bot.py:998) INFO 
    .   _/|
    .  // o\
    .  || ._)  lichess-bot 2023.9.26.3
    .  //__\
    .  )___(   Play on Lichess with a bot
    
2023-10-05 12:48:51,621 config (config.py:260) DEBUG Config:
token: logger
url: https://lichess.org/
engine:
  dir: ./engines/
  name: TFEngine
  working_dir: ''
  protocol: homemade
  ponder: true
  polyglot:
    enabled: true
    book:
      standard:
      - engines/Perfect2023.bin
    min_weight: 1
    selection: weighted_random
    max_depth: 20
  draw_or_resign:
    resign_enabled: false
    resign_score: -1000
    resign_for_egtb_minus_two: true
    resign_moves: 3
    offer_draw_enabled: true
    offer_draw_score: 0
    offer_draw_for_egtb_zero: true
    offer_draw_moves: 10
    offer_draw_pieces: 10
  online_moves:
    max_out_of_book_moves: 10
    max_retries: 2
    chessdb_book:
      enabled: false
      min_time: 20
      move_quality: good
      min_depth: 20
    lichess_cloud_analysis:
      enabled: false
      min_time: 20
      move_quality: best
      max_score_difference: 50
      min_depth: 20
      min_knodes: 0
    lichess_opening_explorer:
      enabled: false
      min_time: 20
      source: masters
      player_name: ''
      sort: winrate
      min_games: 10
    online_egtb:
      enabled: false
      min_time: 20
      max_pieces: 7
      source: lichess
      move_quality: best
  lichess_bot_tbs:
    syzygy:
      enabled: false
      paths:
      - engines/syzygy
      max_pieces: 7
      move_quality: best
    gaviota:
      enabled: false
      paths:
      - engines/gaviota
      max_pieces: 5
      min_dtm_to_consider_as_wdl_1: 120
      move_quality: best
  homemade_options: null
  uci_options:
    Move Overhead: 100
    Threads: 4
    Hash: 512
    SyzygyPath: ./syzygy/
    UCI_ShowWDL: true
  silence_stderr: false
abort_time: 30
fake_think_time: false
rate_limiting_delay: 0
move_overhead: 2000
correspondence:
  move_time: 60
  checkin_period: 300
  disconnect_time: 150
  ponder: false
challenge:
  concurrency: 1
  sort_by: best
  accept_bot: false
  only_bot: false
  max_increment: 20
  min_increment: 0
  max_base: 1800
  min_base: 0
  max_days: 14
  min_days: 1
  variants:
  - standard
  time_controls:
  - bullet
  - blitz
  - rapid
  - classical
  modes:
  - casual
  - rated
  bullet_requires_increment: false
greeting:
  hello: Hi! I'm {me}. Good luck! Type !help for a list of commands I can respond
    to.
  goodbye: Good game!
  hello_spectators: Hi! I'm {me}. Type !help for a list of commands I can respond
    to.
  goodbye_spectators: Thanks for watching!
matchmaking:
  allow_matchmaking: false
  challenge_variant: random
  challenge_timeout: 30
  challenge_initial_time:
  - 60
  - 180
  challenge_increment:
  - 1
  - 2
  opponent_rating_difference: 300
  opponent_allow_tos_violation: false
  challenge_mode: random
  challenge_filter: none

2023-10-05 12:48:51,621 config (config.py:261) DEBUG ====================
2023-10-05 12:48:51,624 config (config.py:260) DEBUG Config:
token: logger
url: https://lichess.org/
engine:
  dir: ./engines/
  name: TFEngine
  working_dir: /home/ml/sgchess2
  protocol: homemade
  ponder: true
  polyglot:
    enabled: true
    book:
      standard:
      - engines/Perfect2023.bin
    min_weight: 1
    selection: weighted_random
    max_depth: 20
  draw_or_resign:
    resign_enabled: false
    resign_score: -1000
    resign_for_egtb_minus_two: true
    resign_moves: 3
    offer_draw_enabled: true
    offer_draw_score: 0
    offer_draw_for_egtb_zero: true
    offer_draw_moves: 10
    offer_draw_pieces: 10
  online_moves:
    max_out_of_book_moves: 10
    max_retries: 2
    chessdb_book:
      enabled: false
      min_time: 20
      move_quality: good
      min_depth: 20
    lichess_cloud_analysis:
      enabled: false
      min_time: 20
      move_quality: best
      max_score_difference: 50
      min_depth: 20
      min_knodes: 0
    lichess_opening_explorer:
      enabled: false
      min_time: 20
      source: masters
      player_name: ''
      sort: winrate
      min_games: 10
    online_egtb:
      enabled: false
      min_time: 20
      max_pieces: 7
      source: lichess
      move_quality: best
    max_depth: .inf
  lichess_bot_tbs:
    syzygy:
      enabled: false
      paths:
      - engines/syzygy
      max_pieces: 7
      move_quality: best
    gaviota:
      enabled: false
      paths:
      - engines/gaviota
      max_pieces: 5
      min_dtm_to_consider_as_wdl_1: 120
      move_quality: best
  homemade_options: null
  uci_options:
    Move Overhead: 100
    Threads: 4
    Hash: 512
    SyzygyPath: ./syzygy/
    UCI_ShowWDL: true
  silence_stderr: false
  uci_ponder: false
abort_time: 30
fake_think_time: false
rate_limiting_delay: 0
move_overhead: 2000
correspondence:
  move_time: 60
  checkin_period: 300
  disconnect_time: 150
  ponder: false
  uci_ponder: false
challenge:
  concurrency: 1
  sort_by: best
  accept_bot: false
  only_bot: false
  max_increment: 20
  min_increment: 0
  max_base: 1800
  min_base: 0
  max_days: 14
  min_days: 1
  variants:
  - standard
  time_controls:
  - bullet
  - blitz
  - rapid
  - classical
  modes:
  - casual
  - rated
  bullet_requires_increment: false
  block_list: []
  allow_list: []
greeting:
  hello: Hi! I'm {me}. Good luck! Type !help for a list of commands I can respond
    to.
  goodbye: Good game!
  hello_spectators: Hi! I'm {me}. Type !help for a list of commands I can respond
    to.
  goodbye_spectators: Thanks for watching!
matchmaking:
  allow_matchmaking: false
  challenge_variant: random
  challenge_timeout: 30
  challenge_initial_time:
  - 60
  - 180
  challenge_increment:
  - 1
  - 2
  opponent_rating_difference: 300
  opponent_allow_tos_violation: false
  challenge_mode: random
  challenge_filter: none
  block_list: []
  challenge_days:
  - null
  opponent_min_rating: 600
  opponent_max_rating: 4000
  overrides: {}
pgn_file_grouping: game

2023-10-05 12:48:51,624 config (config.py:261) DEBUG ====================
2023-10-05 12:48:51,624 __main__ (lichess-bot.py:1001) INFO Checking engine configuration ...
2023-10-05 12:48:52,346 tensorflow (tpu_cluster_resolver.py:32) DEBUG Falling back to TensorFlow client; we recommended you install the Cloud TPU client directly with pip install cloud-tpu-client.
2023-10-05 12:48:52,432 h5py._conv (__init__.py:47) DEBUG Creating converter from 7 to 5
2023-10-05 12:48:52,432 h5py._conv (__init__.py:47) DEBUG Creating converter from 5 to 7
2023-10-05 12:48:52,432 h5py._conv (__init__.py:47) DEBUG Creating converter from 7 to 5
2023-10-05 12:48:52,432 h5py._conv (__init__.py:47) DEBUG Creating converter from 5 to 7
2023-10-05 12:48:52,841 numexpr.utils (utils.py:160) INFO NumExpr defaulting to 8 threads.
2023-10-05 12:48:53,049 engine_wrapper (engine_wrapper.py:67) DEBUG Starting engine: ['/home/ml/sgchess2/engines/TFEngine']
2023-10-05 12:48:53,656 __main__ (lichess-bot.py:1004) INFO Engine configuration OK
2023-10-05 12:48:53,658 urllib3.connectionpool (connectionpool.py:1014) DEBUG Starting new HTTPS connection (1): lichess.org:443
2023-10-05 12:48:54,064 urllib3.connectionpool (connectionpool.py:473) DEBUG https://lichess.org:443 "POST /api/token/test HTTP/1.1" 200 None
2023-10-05 12:48:54,177 urllib3.connectionpool (connectionpool.py:473) DEBUG https://lichess.org:443 "GET /api/account HTTP/1.1" 200 None
2023-10-05 12:48:54,178 __main__ (lichess-bot.py:1013) INFO Welcome sgAI!
2023-10-05 12:48:54,180 __main__ (lichess-bot.py:219) INFO You're now connected to https://lichess.org/ and awaiting challenges.
2023-10-05 12:48:54,512 urllib3.connectionpool (connectionpool.py:473) DEBUG https://lichess.org:443 "GET /api/account/playing HTTP/1.1" 200 17
2023-10-05 12:49:14,687 __main__ (lichess-bot.py:385) DEBUG Event: {'type': 'challenge', 'challenge': {'id': 'PJyHDzbf', 'url': 'https://lichess.org/PJyHDzbf', 'status': 'created', 'challenger': {'id': 'osiris8919', 'name': 'osiris8919', 'title': None, 'rating': 1500, 'provisional': True, 'online': True, 'lag': 4}, 'destUser': {'id': 'sgai', 'name': 'sgAI', 'title': 'BOT', 'rating': 2000, 'provisional': True, 'online': True}, 'variant': {'key': 'standard', 'name': 'Standard', 'short': 'Std'}, 'rated': False, 'speed': 'blitz', 'timeControl': {'type': 'clock', 'limit': 300, 'increment': 3, 'show': '5+3'}, 'color': 'random', 'finalColor': 'white', 'perf': {'icon': '\ue01d', 'name': 'Blitz'}}, 'compat': {'bot': True, 'board': True}}
2023-10-05 12:49:14,691 __main__ (lichess-bot.py:436) INFO Accept Blitz casual challenge from osiris8919 (1500?) (PJyHDzbf)
2023-10-05 12:49:14,693 urllib3.connectionpool (connectionpool.py:290) DEBUG Resetting dropped connection: lichess.org
2023-10-05 12:49:15,101 urllib3.connectionpool (connectionpool.py:473) DEBUG https://lichess.org:443 "POST /api/challenge/PJyHDzbf/accept HTTP/1.1" 200 11
2023-10-05 12:49:15,101 __main__ (lichess-bot.py:267) INFO --- Process Queued. Count: 1. IDs: {'PJyHDzbf'}
2023-10-05 12:49:15,102 __main__ (lichess-bot.py:385) DEBUG Event: {'type': 'gameStart', 'game': {'fullId': 'PJyHDzbfDnDy', 'gameId': 'PJyHDzbf', 'fen': 'rnbqkbnr/pppppppp/8/8/8/8/PPPPPPPP/RNBQKBNR w KQkq - 0 1', 'color': 'black', 'lastMove': '', 'source': 'friend', 'status': {'id': 20, 'name': 'started'}, 'variant': {'key': 'standard', 'name': 'Standard'}, 'speed': 'blitz', 'perf': 'blitz', 'rated': False, 'hasMoved': False, 'opponent': {'id': 'osiris8919', 'username': 'osiris8919', 'rating': 1500}, 'isMyTurn': False, 'secondsLeft': 300, 'compat': {'bot': True, 'board': True}, 'id': 'PJyHDzbf'}}
2023-10-05 12:49:15,102 __main__ (lichess-bot.py:267) INFO --- Process Used. Count: 1. IDs: {'PJyHDzbf'}
2023-10-05 12:49:15,107 urllib3.connectionpool (connectionpool.py:1014) DEBUG Starting new HTTPS connection (1): lichess.org:443
2023-10-05 12:49:15,461 urllib3.connectionpool (connectionpool.py:473) DEBUG https://lichess.org:443 "GET /api/bot/game/stream/PJyHDzbf HTTP/1.1" 200 None
2023-10-05 12:49:15,462 __mp_main__ (lichess-bot.py:573) DEBUG Initial state: {'id': 'PJyHDzbf', 'variant': {'key': 'standard', 'name': 'Standard', 'short': 'Std'}, 'speed': 'blitz', 'perf': {'name': 'Blitz'}, 'rated': False, 'createdAt': 1696528155038, 'white': {'id': 'osiris8919', 'name': 'osiris8919', 'title': None, 'rating': 1500, 'provisional': True}, 'black': {'id': 'sgai', 'name': 'sgAI', 'title': 'BOT', 'rating': 2000, 'provisional': True}, 'initialFen': 'startpos', 'clock': {'initial': 300000, 'increment': 3000}, 'type': 'gameFull', 'state': {'type': 'gameState', 'moves': '', 'wtime': 300000, 'btime': 300000, 'winc': 3000, 'binc': 3000, 'status': 'started'}}
2023-10-05 12:49:16,255 tensorflow (tpu_cluster_resolver.py:32) DEBUG Falling back to TensorFlow client; we recommended you install the Cloud TPU client directly with pip install cloud-tpu-client.
2023-10-05 12:49:16,344 h5py._conv (__init__.py:47) DEBUG Creating converter from 7 to 5
2023-10-05 12:49:16,344 h5py._conv (__init__.py:47) DEBUG Creating converter from 5 to 7
2023-10-05 12:49:16,345 h5py._conv (__init__.py:47) DEBUG Creating converter from 7 to 5
2023-10-05 12:49:16,345 h5py._conv (__init__.py:47) DEBUG Creating converter from 5 to 7
2023-10-05 12:49:16,828 numexpr.utils (utils.py:160) INFO NumExpr defaulting to 8 threads.
2023-10-05 12:49:16,964 engine_wrapper (engine_wrapper.py:67) DEBUG Starting engine: ['/home/ml/sgchess2/engines/TFEngine']
2023-10-05 12:49:17,540 __mp_main__ (lichess-bot.py:579) DEBUG The engine for game PJyHDzbf has pid=?
2023-10-05 12:49:17,540 __mp_main__ (lichess-bot.py:582) INFO +++ https://lichess.org/PJyHDzbf/black Blitz vs osiris8919 (1500?) (PJyHDzbf)
2023-10-05 12:49:22,327 __mp_main__ (lichess-bot.py:699) DEBUG Game state: {'type': 'gameState', 'moves': 'd2d4', 'wtime': 300000, 'btime': 300000, 'winc': 3000, 'binc': 3000, 'status': 'started'}
2023-10-05 12:49:22,328 conversation (conversation.py:83) INFO *** https://lichess.org/PJyHDzbf/black [player] sgAI: Hi! I'm sgAI. Good luck! Type !help for a list of commands I can respond to.
2023-10-05 12:49:22,330 urllib3.connectionpool (connectionpool.py:1014) DEBUG Starting new HTTPS connection (2): lichess.org:443
2023-10-05 12:49:22,727 urllib3.connectionpool (connectionpool.py:473) DEBUG https://lichess.org:443 "POST /api/bot/game/PJyHDzbf/chat HTTP/1.1" 200 11
2023-10-05 12:49:22,729 conversation (conversation.py:83) INFO *** https://lichess.org/PJyHDzbf/black [spectator] sgAI: Hi! I'm sgAI. Type !help for a list of commands I can respond to.
2023-10-05 12:49:22,844 urllib3.connectionpool (connectionpool.py:473) DEBUG https://lichess.org:443 "POST /api/bot/game/PJyHDzbf/chat HTTP/1.1" 200 11
2023-10-05 12:49:22,846 __mp_main__ (lichess-bot.py:690) INFO 
2023-10-05 12:49:22,846 __mp_main__ (lichess-bot.py:691) INFO move: 1
2023-10-05 12:49:22,849 engine_wrapper (engine_wrapper.py:689) INFO Got move d7d5 from book engines/Perfect2023.bin for game PJyHDzbf
2023-10-05 12:49:22,850 engine_wrapper (engine_wrapper.py:293) INFO Source: Opening Book
2023-10-05 12:49:22,964 urllib3.connectionpool (connectionpool.py:473) DEBUG https://lichess.org:443 "POST /api/bot/game/PJyHDzbf/move/d7d5?offeringDraw=false HTTP/1.1" 200 11
2023-10-05 12:49:22,965 __mp_main__ (lichess-bot.py:699) DEBUG Game state: {'type': 'chatLine', 'room': 'player', 'username': 'sgAI', 'text': "Hi! I'm sgAI. Good luck! Type !help for a list of commands I can respond to."}
2023-10-05 12:49:22,965 conversation (conversation.py:42) INFO *** https://lichess.org/PJyHDzbf/black [player] sgAI: Hi! I'm sgAI. Good luck! Type !help for a list of commands I can respond to.
2023-10-05 12:49:22,965 __mp_main__ (lichess-bot.py:699) DEBUG Game state: {'type': 'chatLine', 'room': 'spectator', 'username': 'sgAI', 'text': "Hi! I'm sgAI. Type !help for a list of commands I can respond to."}
2023-10-05 12:49:22,965 conversation (conversation.py:42) INFO *** https://lichess.org/PJyHDzbf/black [spectator] sgAI: Hi! I'm sgAI. Type !help for a list of commands I can respond to.
2023-10-05 12:49:22,965 __mp_main__ (lichess-bot.py:699) DEBUG Game state: {'type': 'gameState', 'moves': 'd2d4 d7d5', 'wtime': 300000, 'btime': 300000, 'winc': 3000, 'binc': 3000, 'status': 'started'}
2023-10-05 12:49:27,181 __mp_main__ (lichess-bot.py:699) DEBUG Game state: {'type': 'gameState', 'moves': 'd2d4 d7d5 c1f4', 'wtime': 298890, 'btime': 300000, 'winc': 3000, 'binc': 3000, 'status': 'started'}
2023-10-05 12:49:27,182 __mp_main__ (lichess-bot.py:690) INFO 
2023-10-05 12:49:27,183 __mp_main__ (lichess-bot.py:691) INFO move: 2
2023-10-05 12:49:27,185 engine_wrapper (engine_wrapper.py:643) INFO Searching for wtime 298890 btime 297998 for game PJyHDzbf
